<?xml version="1.0" encoding="UTF-8"?>
<!-- Generated by org.testng.reporters.JUnitXMLReporter -->
<testsuite ignored="0" hostname="Rpundla-Lap" failures="0" tests="7" name="Command line test" time="247.861" errors="0" timestamp="12 Nov 2022 07:17:02 GMT">
  <testcase classname="com.give.qa.testcases.BrokenImagesPageTest" name="verifyBrokenImagesTest" time="20.691"/>
  <testcase classname="com.give.qa.testcases.DropdownPageTest" name="verifyDropdownTest" time="3.087"/>
  <testcase classname="com.give.qa.testcases.FileUploaderPageTest" name="verifyUploadFileTest" time="4.873"/>
  <testcase classname="com.give.qa.testcases.FormAuthenticationPageTest" name="formAuthenticationTestFromPropertyfile" time="5.943"/>
  <testcase classname="com.give.qa.testcases.FormAuthenticationPageTest" name="formAuthenticationTestFromExcel" time="4.432"/>
  <testcase classname="com.give.qa.testcases.FormAuthenticationPageTest" name="formAuthenticationTestFromExcel" time="4.561"/>
  <testcase classname="com.give.qa.testcases.FormAuthenticationPageTest" name="formAuthenticationTestFromExcel" time="4.263"/>
</testsuite> <!-- Command line test -->
