<?xml version="1.0" encoding="UTF-8"?>
<testng-results ignored="0" total="7" passed="7" failed="0" skipped="0">
  <reporter-output>
  </reporter-output>
  <suite started-at="2023-02-08T05:57:46Z" name="Command line suite" finished-at="2023-02-08T05:58:59Z" duration-ms="73544">
    <groups>
    </groups>
    <test started-at="2023-02-08T05:57:46Z" name="Command line test" finished-at="2023-02-08T05:58:59Z" duration-ms="73544">
      <class name="com.give.qa.testcases.FileUploaderPageTest">
        <test-method is-config="true" signature="setUp()[pri:0, instance:com.give.qa.testcases.FileUploaderPageTest@795cd85e]" started-at="2023-02-08T11:28:17Z" name="setUp" finished-at="2023-02-08T11:28:28Z" duration-ms="10633" status="PASS">
          <reporter-output>
          </reporter-output>
        </test-method> <!-- setUp -->
        <test-method signature="verifyUploadFileTest()[pri:1, instance:com.give.qa.testcases.FileUploaderPageTest@795cd85e]" started-at="2023-02-08T11:28:28Z" name="verifyUploadFileTest" finished-at="2023-02-08T11:28:31Z" duration-ms="2928" status="PASS">
          <reporter-output>
          </reporter-output>
        </test-method> <!-- verifyUploadFileTest -->
        <test-method is-config="true" signature="tearDown()[pri:0, instance:com.give.qa.testcases.FileUploaderPageTest@795cd85e]" started-at="2023-02-08T11:28:31Z" name="tearDown" finished-at="2023-02-08T11:28:31Z" duration-ms="261" status="PASS">
          <reporter-output>
          </reporter-output>
        </test-method> <!-- tearDown -->
      </class> <!-- com.give.qa.testcases.FileUploaderPageTest -->
      <class name="com.give.qa.testcases.FormAuthenticationPageTest">
        <test-method is-config="true" signature="setUp()[pri:0, instance:com.give.qa.testcases.FormAuthenticationPageTest@59fd97a8]" started-at="2023-02-08T11:28:31Z" name="setUp" finished-at="2023-02-08T11:28:35Z" duration-ms="4243" status="PASS">
          <reporter-output>
          </reporter-output>
        </test-method> <!-- setUp -->
        <test-method signature="formAuthenticationTestFromPropertyfile()[pri:1, instance:com.give.qa.testcases.FormAuthenticationPageTest@59fd97a8]" started-at="2023-02-08T11:28:35Z" name="formAuthenticationTestFromPropertyfile" finished-at="2023-02-08T11:28:38Z" duration-ms="2792" status="PASS">
          <reporter-output>
          </reporter-output>
        </test-method> <!-- formAuthenticationTestFromPropertyfile -->
        <test-method is-config="true" signature="tearDown()[pri:0, instance:com.give.qa.testcases.FormAuthenticationPageTest@59fd97a8]" started-at="2023-02-08T11:28:38Z" name="tearDown" finished-at="2023-02-08T11:28:38Z" duration-ms="259" status="PASS">
          <reporter-output>
          </reporter-output>
        </test-method> <!-- tearDown -->
        <test-method is-config="true" signature="setUp()[pri:0, instance:com.give.qa.testcases.FormAuthenticationPageTest@59fd97a8]" started-at="2023-02-08T11:28:39Z" name="setUp" finished-at="2023-02-08T11:28:44Z" duration-ms="4967" status="PASS">
          <reporter-output>
          </reporter-output>
        </test-method> <!-- setUp -->
        <test-method signature="formAuthenticationTestFromExcel(java.lang.String, java.lang.String)[pri:2, instance:com.give.qa.testcases.FormAuthenticationPageTest@59fd97a8]" started-at="2023-02-08T11:28:44Z" name="formAuthenticationTestFromExcel" data-provider="getLoginTestData" finished-at="2023-02-08T11:28:46Z" duration-ms="1965" status="PASS">
          <params>
            <param index="0">
              <value>
                <![CDATA[Tom]]>
              </value>
            </param>
            <param index="1">
              <value>
                <![CDATA[123.0]]>
              </value>
            </param>
          </params>
          <reporter-output>
          </reporter-output>
        </test-method> <!-- formAuthenticationTestFromExcel -->
        <test-method is-config="true" signature="tearDown()[pri:0, instance:com.give.qa.testcases.FormAuthenticationPageTest@59fd97a8]" started-at="2023-02-08T11:28:46Z" name="tearDown" finished-at="2023-02-08T11:28:46Z" duration-ms="248" status="PASS">
          <reporter-output>
          </reporter-output>
        </test-method> <!-- tearDown -->
        <test-method is-config="true" signature="setUp()[pri:0, instance:com.give.qa.testcases.FormAuthenticationPageTest@59fd97a8]" started-at="2023-02-08T11:28:46Z" name="setUp" finished-at="2023-02-08T11:28:51Z" duration-ms="4558" status="PASS">
          <reporter-output>
          </reporter-output>
        </test-method> <!-- setUp -->
        <test-method signature="formAuthenticationTestFromExcel(java.lang.String, java.lang.String)[pri:2, instance:com.give.qa.testcases.FormAuthenticationPageTest@59fd97a8]" started-at="2023-02-08T11:28:51Z" name="formAuthenticationTestFromExcel" data-provider="getLoginTestData" finished-at="2023-02-08T11:28:53Z" duration-ms="1664" status="PASS">
          <params>
            <param index="0">
              <value>
                <![CDATA[Peter]]>
              </value>
            </param>
            <param index="1">
              <value>
                <![CDATA[456.0]]>
              </value>
            </param>
          </params>
          <reporter-output>
          </reporter-output>
        </test-method> <!-- formAuthenticationTestFromExcel -->
        <test-method is-config="true" signature="tearDown()[pri:0, instance:com.give.qa.testcases.FormAuthenticationPageTest@59fd97a8]" started-at="2023-02-08T11:28:53Z" name="tearDown" finished-at="2023-02-08T11:28:53Z" duration-ms="288" status="PASS">
          <reporter-output>
          </reporter-output>
        </test-method> <!-- tearDown -->
        <test-method is-config="true" signature="setUp()[pri:0, instance:com.give.qa.testcases.FormAuthenticationPageTest@59fd97a8]" started-at="2023-02-08T11:28:53Z" name="setUp" finished-at="2023-02-08T11:28:57Z" duration-ms="4427" status="PASS">
          <reporter-output>
          </reporter-output>
        </test-method> <!-- setUp -->
        <test-method signature="formAuthenticationTestFromExcel(java.lang.String, java.lang.String)[pri:2, instance:com.give.qa.testcases.FormAuthenticationPageTest@59fd97a8]" started-at="2023-02-08T11:28:57Z" name="formAuthenticationTestFromExcel" data-provider="getLoginTestData" finished-at="2023-02-08T11:28:59Z" duration-ms="1929" status="PASS">
          <params>
            <param index="0">
              <value>
                <![CDATA[Smith]]>
              </value>
            </param>
            <param index="1">
              <value>
                <![CDATA[789.0]]>
              </value>
            </param>
          </params>
          <reporter-output>
          </reporter-output>
        </test-method> <!-- formAuthenticationTestFromExcel -->
        <test-method is-config="true" signature="tearDown()[pri:0, instance:com.give.qa.testcases.FormAuthenticationPageTest@59fd97a8]" started-at="2023-02-08T11:28:59Z" name="tearDown" finished-at="2023-02-08T11:28:59Z" duration-ms="251" status="PASS">
          <reporter-output>
          </reporter-output>
        </test-method> <!-- tearDown -->
      </class> <!-- com.give.qa.testcases.FormAuthenticationPageTest -->
      <class name="com.give.qa.testcases.BrokenImagesPageTest">
        <test-method is-config="true" signature="setUp()[pri:0, instance:com.give.qa.testcases.BrokenImagesPageTest@6e171cd7]" started-at="2023-02-08T11:27:46Z" name="setUp" finished-at="2023-02-08T11:27:56Z" duration-ms="9841" status="PASS">
          <reporter-output>
          </reporter-output>
        </test-method> <!-- setUp -->
        <test-method signature="verifyBrokenImagesTest()[pri:1, instance:com.give.qa.testcases.BrokenImagesPageTest@6e171cd7]" started-at="2023-02-08T11:27:56Z" name="verifyBrokenImagesTest" finished-at="2023-02-08T11:28:04Z" duration-ms="8158" status="PASS">
          <reporter-output>
          </reporter-output>
        </test-method> <!-- verifyBrokenImagesTest -->
        <test-method is-config="true" signature="tearDown()[pri:0, instance:com.give.qa.testcases.BrokenImagesPageTest@6e171cd7]" started-at="2023-02-08T11:28:04Z" name="tearDown" finished-at="2023-02-08T11:28:05Z" duration-ms="1224" status="PASS">
          <reporter-output>
          </reporter-output>
        </test-method> <!-- tearDown -->
      </class> <!-- com.give.qa.testcases.BrokenImagesPageTest -->
      <class name="com.give.qa.testcases.DropdownPageTest">
        <test-method is-config="true" signature="setUp()[pri:0, instance:com.give.qa.testcases.DropdownPageTest@402bba4f]" started-at="2023-02-08T11:28:05Z" name="setUp" finished-at="2023-02-08T11:28:16Z" duration-ms="10684" status="PASS">
          <reporter-output>
          </reporter-output>
        </test-method> <!-- setUp -->
        <test-method signature="verifyDropdownTest()[pri:1, instance:com.give.qa.testcases.DropdownPageTest@402bba4f]" started-at="2023-02-08T11:28:16Z" name="verifyDropdownTest" finished-at="2023-02-08T11:28:17Z" duration-ms="790" status="PASS">
          <reporter-output>
          </reporter-output>
        </test-method> <!-- verifyDropdownTest -->
        <test-method is-config="true" signature="tearDown()[pri:0, instance:com.give.qa.testcases.DropdownPageTest@402bba4f]" started-at="2023-02-08T11:28:17Z" name="tearDown" finished-at="2023-02-08T11:28:17Z" duration-ms="329" status="PASS">
          <reporter-output>
          </reporter-output>
        </test-method> <!-- tearDown -->
      </class> <!-- com.give.qa.testcases.DropdownPageTest -->
    </test> <!-- Command line test -->
  </suite> <!-- Command line suite -->
</testng-results>
