<?xml version="1.0" encoding="UTF-8"?>
<testng-results ignored="0" total="7" passed="7" failed="0" skipped="0">
  <reporter-output>
  </reporter-output>
  <suite started-at="2022-11-12T07:12:54Z" name="Command line suite" finished-at="2022-11-12T07:17:02Z" duration-ms="247861">
    <groups>
    </groups>
    <test started-at="2022-11-12T07:12:54Z" name="Command line test" finished-at="2022-11-12T07:17:02Z" duration-ms="247861">
      <class name="com.give.qa.testcases.FileUploaderPageTest">
        <test-method is-config="true" signature="setUp()[pri:0, instance:com.give.qa.testcases.FileUploaderPageTest@17211155]" started-at="2022-11-12T12:44:32Z" name="setUp" finished-at="2022-11-12T12:44:55Z" duration-ms="23020" status="PASS">
          <reporter-output>
          </reporter-output>
        </test-method> <!-- setUp -->
        <test-method signature="verifyUploadFileTest()[pri:1, instance:com.give.qa.testcases.FileUploaderPageTest@17211155]" started-at="2022-11-12T12:44:55Z" name="verifyUploadFileTest" finished-at="2022-11-12T12:45:00Z" duration-ms="4873" status="PASS">
          <reporter-output>
          </reporter-output>
        </test-method> <!-- verifyUploadFileTest -->
        <test-method is-config="true" signature="tearDown()[pri:0, instance:com.give.qa.testcases.FileUploaderPageTest@17211155]" started-at="2022-11-12T12:45:00Z" name="tearDown" finished-at="2022-11-12T12:45:03Z" duration-ms="3172" status="PASS">
          <reporter-output>
          </reporter-output>
        </test-method> <!-- tearDown -->
      </class> <!-- com.give.qa.testcases.FileUploaderPageTest -->
      <class name="com.give.qa.testcases.FormAuthenticationPageTest">
        <test-method is-config="true" signature="setUp()[pri:0, instance:com.give.qa.testcases.FormAuthenticationPageTest@b3d7190]" started-at="2022-11-12T12:45:03Z" name="setUp" finished-at="2022-11-12T12:45:25Z" duration-ms="21906" status="PASS">
          <reporter-output>
          </reporter-output>
        </test-method> <!-- setUp -->
        <test-method signature="formAuthenticationTestFromPropertyfile()[pri:1, instance:com.give.qa.testcases.FormAuthenticationPageTest@b3d7190]" started-at="2022-11-12T12:45:25Z" name="formAuthenticationTestFromPropertyfile" finished-at="2022-11-12T12:45:31Z" duration-ms="5943" status="PASS">
          <reporter-output>
          </reporter-output>
        </test-method> <!-- formAuthenticationTestFromPropertyfile -->
        <test-method is-config="true" signature="tearDown()[pri:0, instance:com.give.qa.testcases.FormAuthenticationPageTest@b3d7190]" started-at="2022-11-12T12:45:31Z" name="tearDown" finished-at="2022-11-12T12:45:34Z" duration-ms="3082" status="PASS">
          <reporter-output>
          </reporter-output>
        </test-method> <!-- tearDown -->
        <test-method is-config="true" signature="setUp()[pri:0, instance:com.give.qa.testcases.FormAuthenticationPageTest@b3d7190]" started-at="2022-11-12T12:45:38Z" name="setUp" finished-at="2022-11-12T12:45:56Z" duration-ms="17618" status="PASS">
          <reporter-output>
          </reporter-output>
        </test-method> <!-- setUp -->
        <test-method signature="formAuthenticationTestFromExcel(java.lang.String, java.lang.String)[pri:2, instance:com.give.qa.testcases.FormAuthenticationPageTest@b3d7190]" started-at="2022-11-12T12:45:56Z" name="formAuthenticationTestFromExcel" data-provider="getLoginTestData" finished-at="2022-11-12T12:46:00Z" duration-ms="4432" status="PASS">
          <params>
            <param index="0">
              <value>
                <![CDATA[Tom]]>
              </value>
            </param>
            <param index="1">
              <value>
                <![CDATA[123.0]]>
              </value>
            </param>
          </params>
          <reporter-output>
          </reporter-output>
        </test-method> <!-- formAuthenticationTestFromExcel -->
        <test-method is-config="true" signature="tearDown()[pri:0, instance:com.give.qa.testcases.FormAuthenticationPageTest@b3d7190]" started-at="2022-11-12T12:46:00Z" name="tearDown" finished-at="2022-11-12T12:46:04Z" duration-ms="4282" status="PASS">
          <reporter-output>
          </reporter-output>
        </test-method> <!-- tearDown -->
        <test-method is-config="true" signature="setUp()[pri:0, instance:com.give.qa.testcases.FormAuthenticationPageTest@b3d7190]" started-at="2022-11-12T12:46:04Z" name="setUp" finished-at="2022-11-12T12:46:25Z" duration-ms="20304" status="PASS">
          <reporter-output>
          </reporter-output>
        </test-method> <!-- setUp -->
        <test-method signature="formAuthenticationTestFromExcel(java.lang.String, java.lang.String)[pri:2, instance:com.give.qa.testcases.FormAuthenticationPageTest@b3d7190]" started-at="2022-11-12T12:46:25Z" name="formAuthenticationTestFromExcel" data-provider="getLoginTestData" finished-at="2022-11-12T12:46:29Z" duration-ms="4561" status="PASS">
          <params>
            <param index="0">
              <value>
                <![CDATA[Peter]]>
              </value>
            </param>
            <param index="1">
              <value>
                <![CDATA[456.0]]>
              </value>
            </param>
          </params>
          <reporter-output>
          </reporter-output>
        </test-method> <!-- formAuthenticationTestFromExcel -->
        <test-method is-config="true" signature="tearDown()[pri:0, instance:com.give.qa.testcases.FormAuthenticationPageTest@b3d7190]" started-at="2022-11-12T12:46:29Z" name="tearDown" finished-at="2022-11-12T12:46:33Z" duration-ms="3467" status="PASS">
          <reporter-output>
          </reporter-output>
        </test-method> <!-- tearDown -->
        <test-method is-config="true" signature="setUp()[pri:0, instance:com.give.qa.testcases.FormAuthenticationPageTest@b3d7190]" started-at="2022-11-12T12:46:33Z" name="setUp" finished-at="2022-11-12T12:46:54Z" duration-ms="20839" status="PASS">
          <reporter-output>
          </reporter-output>
        </test-method> <!-- setUp -->
        <test-method signature="formAuthenticationTestFromExcel(java.lang.String, java.lang.String)[pri:2, instance:com.give.qa.testcases.FormAuthenticationPageTest@b3d7190]" started-at="2022-11-12T12:46:54Z" name="formAuthenticationTestFromExcel" data-provider="getLoginTestData" finished-at="2022-11-12T12:46:58Z" duration-ms="4263" status="PASS">
          <params>
            <param index="0">
              <value>
                <![CDATA[Smith]]>
              </value>
            </param>
            <param index="1">
              <value>
                <![CDATA[789.0]]>
              </value>
            </param>
          </params>
          <reporter-output>
          </reporter-output>
        </test-method> <!-- formAuthenticationTestFromExcel -->
        <test-method is-config="true" signature="tearDown()[pri:0, instance:com.give.qa.testcases.FormAuthenticationPageTest@b3d7190]" started-at="2022-11-12T12:46:58Z" name="tearDown" finished-at="2022-11-12T12:47:02Z" duration-ms="3688" status="PASS">
          <reporter-output>
          </reporter-output>
        </test-method> <!-- tearDown -->
      </class> <!-- com.give.qa.testcases.FormAuthenticationPageTest -->
      <class name="com.give.qa.testcases.BrokenImagesPageTest">
        <test-method is-config="true" signature="setUp()[pri:0, instance:com.give.qa.testcases.BrokenImagesPageTest@5d11346a]" started-at="2022-11-12T12:42:54Z" name="setUp" finished-at="2022-11-12T12:43:32Z" duration-ms="38131" status="PASS">
          <reporter-output>
          </reporter-output>
        </test-method> <!-- setUp -->
        <test-method signature="verifyBrokenImagesTest()[pri:1, instance:com.give.qa.testcases.BrokenImagesPageTest@5d11346a]" started-at="2022-11-12T12:43:32Z" name="verifyBrokenImagesTest" finished-at="2022-11-12T12:43:53Z" duration-ms="20691" status="PASS">
          <reporter-output>
          </reporter-output>
        </test-method> <!-- verifyBrokenImagesTest -->
        <test-method is-config="true" signature="tearDown()[pri:0, instance:com.give.qa.testcases.BrokenImagesPageTest@5d11346a]" started-at="2022-11-12T12:43:53Z" name="tearDown" finished-at="2022-11-12T12:43:55Z" duration-ms="2741" status="PASS">
          <reporter-output>
          </reporter-output>
        </test-method> <!-- tearDown -->
      </class> <!-- com.give.qa.testcases.BrokenImagesPageTest -->
      <class name="com.give.qa.testcases.DropdownPageTest">
        <test-method is-config="true" signature="setUp()[pri:0, instance:com.give.qa.testcases.DropdownPageTest@7a36aefa]" started-at="2022-11-12T12:43:55Z" name="setUp" finished-at="2022-11-12T12:44:26Z" duration-ms="30830" status="PASS">
          <reporter-output>
          </reporter-output>
        </test-method> <!-- setUp -->
        <test-method signature="verifyDropdownTest()[pri:1, instance:com.give.qa.testcases.DropdownPageTest@7a36aefa]" started-at="2022-11-12T12:44:26Z" name="verifyDropdownTest" finished-at="2022-11-12T12:44:29Z" duration-ms="3087" status="PASS">
          <reporter-output>
          </reporter-output>
        </test-method> <!-- verifyDropdownTest -->
        <test-method is-config="true" signature="tearDown()[pri:0, instance:com.give.qa.testcases.DropdownPageTest@7a36aefa]" started-at="2022-11-12T12:44:29Z" name="tearDown" finished-at="2022-11-12T12:44:32Z" duration-ms="2978" status="PASS">
          <reporter-output>
          </reporter-output>
        </test-method> <!-- tearDown -->
      </class> <!-- com.give.qa.testcases.DropdownPageTest -->
    </test> <!-- Command line test -->
  </suite> <!-- Command line suite -->
</testng-results>
