<?xml version="1.0" encoding="UTF-8" ?>
<testsuite tests="7" failures="0" name="TestSuite" time="20.227" errors="0" skipped="0">
  <properties>
[...]
</properties>
  <testcase classname="com.give.qa.testcases.BrokenImagesPageTest" name="verifyBrokenImagesTest" time="8.17"/>
  <testcase classname="com.give.qa.testcases.DropdownPageTest" name="verifyDropdownTest" time="0.789"/>
  <testcase classname="com.give.qa.testcases.FileUploaderPageTest" name="verifyUploadFileTest" time="2.923"/>
  <testcase classname="com.give.qa.testcases.FormAuthenticationPageTest" name="formAuthenticationTestFromPropertyfile" time="2.791"/>
  <testcase classname="com.give.qa.testcases.FormAuthenticationPageTest" name="formAuthenticationTestFromExcel" time="1.963"/>
  <testcase classname="com.give.qa.testcases.FormAuthenticationPageTest" name="formAuthenticationTestFromExcel" time="1.662"/>
  <testcase classname="com.give.qa.testcases.FormAuthenticationPageTest" name="formAuthenticationTestFromExcel" time="1.929"/>
</testsuite>