<?xml version="1.0" encoding="UTF-8"?>
<testng-results ignored="0" total="1" passed="1" failed="0" skipped="0">
  <reporter-output>
  </reporter-output>
  <suite started-at="2022-11-12T07:38:15Z" name="Default suite" finished-at="2022-11-12T07:39:22Z" duration-ms="67023">
    <groups>
    </groups>
    <test started-at="2022-11-12T07:38:15Z" name="Default test" finished-at="2022-11-12T07:39:22Z" duration-ms="67023">
      <class name="com.give.qa.testcases.BrokenImagesPageTest">
        <test-method is-config="true" signature="setUp()[pri:0, instance:com.give.qa.testcases.BrokenImagesPageTest@6bbe85a8]" started-at="2022-11-12T13:08:16Z" name="setUp" finished-at="2022-11-12T13:09:01Z" duration-ms="45835" status="PASS">
          <reporter-output>
          </reporter-output>
        </test-method> <!-- setUp -->
        <test-method signature="verifyBrokenImagesTest()[pri:1, instance:com.give.qa.testcases.BrokenImagesPageTest@6bbe85a8]" started-at="2022-11-12T13:09:01Z" name="verifyBrokenImagesTest" finished-at="2022-11-12T13:09:13Z" duration-ms="11868" status="PASS">
          <reporter-output>
          </reporter-output>
        </test-method> <!-- verifyBrokenImagesTest -->
        <test-method is-config="true" signature="tearDown()[pri:0, instance:com.give.qa.testcases.BrokenImagesPageTest@6bbe85a8]" started-at="2022-11-12T13:09:13Z" name="tearDown" finished-at="2022-11-12T13:09:22Z" duration-ms="9179" status="PASS">
          <reporter-output>
          </reporter-output>
        </test-method> <!-- tearDown -->
      </class> <!-- com.give.qa.testcases.BrokenImagesPageTest -->
    </test> <!-- Default test -->
  </suite> <!-- Default suite -->
</testng-results>
