<?xml version="1.0" encoding="UTF-8"?>
<!-- Generated by org.testng.reporters.JUnitXMLReporter -->
<testsuite ignored="0" hostname="Rpundla-Lap" failures="0" tests="7" name="Give Test Cases" time="215.567" errors="0" timestamp="12 Nov 2022 07:25:13 GMT">
  <testcase classname="com.give.qa.testcases.FormAuthenticationPageTest" name="formAuthenticationTestFromPropertyfile" time="7.468"/>
  <testcase classname="com.give.qa.testcases.BrokenImagesPageTest" name="verifyBrokenImagesTest" time="9.711"/>
  <testcase classname="com.give.qa.testcases.DropdownPageTest" name="verifyDropdownTest" time="2.279"/>
  <testcase classname="com.give.qa.testcases.FileUploaderPageTest" name="verifyUploadFileTest" time="3.895"/>
  <testcase classname="com.give.qa.testcases.FormAuthenticationPageTest" name="formAuthenticationTestFromExcel" time="6.987"/>
  <testcase classname="com.give.qa.testcases.FormAuthenticationPageTest" name="formAuthenticationTestFromExcel" time="3.529"/>
  <testcase classname="com.give.qa.testcases.FormAuthenticationPageTest" name="formAuthenticationTestFromExcel" time="3.941"/>
</testsuite> <!-- Give Test Cases -->
